<?xml version="1.0" encoding="UTF-8"?>
<!-- Generated by org.testng.reporters.JUnitXMLReporter -->
<testsuite hostname="Digvijay" name="TestNGParamtersExecution" tests="4" failures="0" timestamp="4 Aug 2018 14:18:32 GMT" time="46.845" errors="0">
  <testcase name="pageRefreshTest" time="0.612" classname="com.TestCasesExecution.LoginPageTest"/>
  <testcase name="verifyLoginTitle" time="0.065" classname="com.TestCasesExecution.LoginPageTest"/>
  <testcase name="verifyLoginIN" time="14.652" classname="com.TestCasesExecution.LoginPageTest"/>
  <testcase name="ValidateCRMTitle" time="0.003" classname="com.TestCasesExecution.LoginPageTest"/>
</testsuite> <!-- TestNGParamtersExecution -->
