<?xml version="1.0" encoding="UTF-8"?>
<!-- Generated by org.testng.reporters.JUnitXMLReporter -->
<testsuite hostname="Digvijay" name="TestNGParamtersExecution" tests="3" failures="0" timestamp="4 Aug 2018 13:05:49 GMT" time="94.486" errors="0">
  <testcase name="verifyLoginTitle" time="0.084" classname="com.TestCasesExecution.LoginPageTest"/>
  <testcase name="verifyLoginIN" time="37.361" classname="com.TestCasesExecution.LoginPageTest"/>
  <testcase name="ValidateCRMTitle" time="0.003" classname="com.TestCasesExecution.LoginPageTest"/>
</testsuite> <!-- TestNGParamtersExecution -->
