<?xml version="1.0" encoding="UTF-8"?>
<testng-results skipped="0" failed="0" total="3" passed="3">
  <reporter-output>
  </reporter-output>
  <suite name="ParamtersExecutionSuite" duration-ms="94486" started-at="2018-08-04T13:04:15Z" finished-at="2018-08-04T13:05:49Z">
    <groups>
      <group name="Regression">
        <method signature="LoginPageTest.ValidateCRMTitle(java.lang.String)[pri:3, instance:com.TestCasesExecution.LoginPageTest@ee68d8]" name="ValidateCRMTitle" class="com.TestCasesExecution.LoginPageTest"/>
        <method signature="LoginPageTest.verifyLoginIN(java.lang.String, java.lang.String)[pri:2, instance:com.TestCasesExecution.LoginPageTest@ee68d8]" name="verifyLoginIN" class="com.TestCasesExecution.LoginPageTest"/>
        <method signature="LoginPageTest.verifyLoginTitle()[pri:1, instance:com.TestCasesExecution.LoginPageTest@ee68d8]" name="verifyLoginTitle" class="com.TestCasesExecution.LoginPageTest"/>
      </group> <!-- Regression -->
    </groups>
    <test name="TestNGParamtersExecution" duration-ms="94486" started-at="2018-08-04T13:04:15Z" finished-at="2018-08-04T13:05:49Z">
      <class name="com.TestCasesExecution.LoginPageTest">
        <test-method status="PASS" signature="setUp(java.lang.String)[pri:0, instance:com.TestCasesExecution.LoginPageTest@ee68d8]" name="setUp" is-config="true" duration-ms="17393" started-at="2018-08-04T18:34:15Z" finished-at="2018-08-04T18:34:32Z">
          <params>
            <param index="0">
              <value>
                <![CDATA[https://www.freecrm.com/index.html?e=2]]>
              </value>
            </param>
          </params>
          <reporter-output>
          </reporter-output>
        </test-method> <!-- setUp -->
        <test-method status="PASS" signature="verifyLoginTitle()[pri:1, instance:com.TestCasesExecution.LoginPageTest@ee68d8]" name="verifyLoginTitle" duration-ms="84" started-at="2018-08-04T18:34:32Z" finished-at="2018-08-04T18:34:32Z">
          <reporter-output>
          </reporter-output>
        </test-method> <!-- verifyLoginTitle -->
        <test-method status="PASS" signature="breakDown()[pri:0, instance:com.TestCasesExecution.LoginPageTest@ee68d8]" name="breakDown" is-config="true" duration-ms="2344" started-at="2018-08-04T18:34:32Z" finished-at="2018-08-04T18:34:34Z">
          <reporter-output>
          </reporter-output>
        </test-method> <!-- breakDown -->
        <test-method status="PASS" signature="setUp(java.lang.String)[pri:0, instance:com.TestCasesExecution.LoginPageTest@ee68d8]" name="setUp" is-config="true" duration-ms="25150" started-at="2018-08-04T18:34:34Z" finished-at="2018-08-04T18:35:00Z">
          <params>
            <param index="0">
              <value>
                <![CDATA[https://www.freecrm.com/index.html?e=2]]>
              </value>
            </param>
          </params>
          <reporter-output>
          </reporter-output>
        </test-method> <!-- setUp -->
        <test-method status="PASS" signature="verifyLoginIN(java.lang.String, java.lang.String)[pri:2, instance:com.TestCasesExecution.LoginPageTest@ee68d8]" name="verifyLoginIN" duration-ms="37361" started-at="2018-08-04T18:35:00Z" finished-at="2018-08-04T18:35:37Z">
          <params>
            <param index="0">
              <value>
                <![CDATA[Iphone]]>
              </value>
            </param>
            <param index="1">
              <value>
                <![CDATA[Bank$123]]>
              </value>
            </param>
          </params>
          <reporter-output>
          </reporter-output>
        </test-method> <!-- verifyLoginIN -->
        <test-method status="PASS" signature="breakDown()[pri:0, instance:com.TestCasesExecution.LoginPageTest@ee68d8]" name="breakDown" is-config="true" duration-ms="59" started-at="2018-08-04T18:35:37Z" finished-at="2018-08-04T18:35:37Z">
          <reporter-output>
          </reporter-output>
        </test-method> <!-- breakDown -->
        <test-method status="PASS" signature="setUp(java.lang.String)[pri:0, instance:com.TestCasesExecution.LoginPageTest@ee68d8]" name="setUp" is-config="true" duration-ms="9986" started-at="2018-08-04T18:35:37Z" finished-at="2018-08-04T18:35:47Z">
          <params>
            <param index="0">
              <value>
                <![CDATA[https://www.freecrm.com/index.html?e=2]]>
              </value>
            </param>
          </params>
          <reporter-output>
          </reporter-output>
        </test-method> <!-- setUp -->
        <test-method status="PASS" signature="ValidateCRMTitle(java.lang.String)[pri:3, instance:com.TestCasesExecution.LoginPageTest@ee68d8]" name="ValidateCRMTitle" duration-ms="3" started-at="2018-08-04T18:35:47Z" finished-at="2018-08-04T18:35:47Z">
          <params>
            <param index="0">
              <value>
                <![CDATA[#1 Free CRM software in the cloud for sales and service]]>
              </value>
            </param>
          </params>
          <reporter-output>
          </reporter-output>
        </test-method> <!-- ValidateCRMTitle -->
        <test-method status="PASS" signature="breakDown()[pri:0, instance:com.TestCasesExecution.LoginPageTest@ee68d8]" name="breakDown" is-config="true" duration-ms="2084" started-at="2018-08-04T18:35:47Z" finished-at="2018-08-04T18:35:49Z">
          <reporter-output>
          </reporter-output>
        </test-method> <!-- breakDown -->
      </class> <!-- com.TestCasesExecution.LoginPageTest -->
    </test> <!-- TestNGParamtersExecution -->
  </suite> <!-- ParamtersExecutionSuite -->
</testng-results>
