<?xml version="1.0" encoding="UTF-8"?>
<!-- Generated by org.testng.reporters.JUnitXMLReporter -->
<testsuite hostname="Digvijay" name="TestNGListenersDemo" tests="1" failures="1" timestamp="4 Aug 2018 18:12:10 GMT" time="25.913" errors="0">
  <testcase name="setUp" time="25.883" classname="com.TestNGListeners.FirstScript">
    <failure type="java.lang.AssertionError" message="expected [#1 Free CRM software in the cloud for sales and servce] but found [#1 Free CRM software in the cloud for sales and service]">
      <![CDATA[java.lang.AssertionError: expected [#1 Free CRM software in the cloud for sales and servce] but found [#1 Free CRM software in the cloud for sales and service]
	at com.TestNGListeners.FirstScript.setUp(FirstScript.java:28)
... Removed 29 stack frames]]>
    </failure>
  </testcase> <!-- setUp -->
</testsuite> <!-- TestNGListenersDemo -->
