<?xml version="1.0" encoding="UTF-8"?>
<!-- Generated by org.testng.reporters.JUnitXMLReporter -->
<testsuite hostname="Digvijay" name="TestNGParamtersExecution" tests="2" failures="0" timestamp="4 Aug 2018 12:33:01 GMT" time="8.34" errors="0">
  <testcase name="verifyLoginTitle" time="0.076" classname="com.TestCasesExecution.LoginPageTest"/>
  <testcase name="verifyLoginIN" time="0.0" classname="com.TestCasesExecution.LoginPageTest">
    <skipped/>
  </testcase> <!-- verifyLoginIN -->
</testsuite> <!-- TestNGParamtersExecution -->
